2025-09-20T00:29:16.7475206Z Container start method called.
2025-09-20T00:29:16.8758737Z Establishing network.
2025-09-20T00:29:16.8773782Z Pulling image: appsvc/node:20-lts_20250724.2.tuxprod.
2025-09-20T00:29:24.0573953Z Container is starting.
2025-09-20T00:29:24.0575216Z Establishing user namespace if not established already.
2025-09-20T00:29:24.0576391Z Establishing network if not established already.
2025-09-20T00:29:24.0577249Z Mounting volumes.
2025-09-20T00:29:24.0580837Z Nested mountpoint 
2025-09-20T00:29:24.1475265Z Nested mountpoint volatile/logs
2025-09-20T00:29:24.4749198Z Nested mountpoint 
2025-09-20T00:29:24.7173001Z Nested mountpoint 
2025-09-20T00:29:24.7464611Z Nested mountpoint 
2025-09-20T00:29:25.4336859Z Creating container.
2025-09-20T00:29:25.4542379Z Creating pipes for streaming container io.
2025-09-20T00:29:25.4726899Z Creating stdout named pipe at /podr/container/pipe/01e527ee5bdc_iga-historicos/stdout_aa31c736e5d746bea4605aeccfa8e3c3.
2025-09-20T00:29:25.4749189Z Successfully created stdout named pipe at: /podr/container/pipe/01e527ee5bdc_iga-historicos/stdout_aa31c736e5d746bea4605aeccfa8e3c3.
2025-09-20T00:29:25.4758558Z Opening named pipe /podr/container/pipe/01e527ee5bdc_iga-historicos/stdout_aa31c736e5d746bea4605aeccfa8e3c3 for reading in non-blocking mode.
2025-09-20T00:29:25.4838845Z Successfully opened named pipe: /podr/container/pipe/01e527ee5bdc_iga-historicos/stdout_aa31c736e5d746bea4605aeccfa8e3c3.
2025-09-20T00:29:25.4934635Z Successfully removed non-blocking flag from /podr/container/pipe/01e527ee5bdc_iga-historicos/stdout_aa31c736e5d746bea4605aeccfa8e3c3.
2025-09-20T00:29:25.4937469Z Creating stderr named pipe at /podr/container/pipe/01e527ee5bdc_iga-historicos/stderr_6222479bdb1e4cf59165436705ec6f2f.
2025-09-20T00:29:25.4955250Z Successfully created stderr named pipe at: /podr/container/pipe/01e527ee5bdc_iga-historicos/stderr_6222479bdb1e4cf59165436705ec6f2f.
2025-09-20T00:29:25.5029199Z Opening named pipe /podr/container/pipe/01e527ee5bdc_iga-historicos/stderr_6222479bdb1e4cf59165436705ec6f2f for reading in non-blocking mode.
2025-09-20T00:29:25.5037131Z Successfully opened named pipe: /podr/container/pipe/01e527ee5bdc_iga-historicos/stderr_6222479bdb1e4cf59165436705ec6f2f.
2025-09-20T00:29:25.5109117Z Successfully removed non-blocking flag from /podr/container/pipe/01e527ee5bdc_iga-historicos/stderr_6222479bdb1e4cf59165436705ec6f2f.
2025-09-20T00:29:25.5127470Z Creating container with image: appsvc/node:20-lts_20250724.2.tuxprod from registry: mcr.microsoft.com and fully qualified image name: mcr.microsoft.com/appsvc/node:20-lts_20250724.2.tuxprod
2025-09-20T00:29:26.1388137Z Starting container: 01e527ee5bdc_iga-historicos.
2025-09-20T00:29:26.2501402Z Starting watchers and probes.
2025-09-20T00:29:26.2507593Z Starting metrics collection.
2025-09-20T00:29:26.2513419Z Container is running.
2025-09-20T00:29:26.5117080Z Container start method finished after 9763 ms.
2025-09-20T00:33:16.9537548Z Site startup probe failed after 230.3370427 seconds.
2025-09-20T00:33:17.0777601Z Failed to start site. Revert by stopping site.
2025-09-20T00:33:17.1871891Z Container is terminating. Grace period: 5 seconds.
2025-09-20T00:33:17.3321233Z Stop and delete container. Retry count = 0
2025-09-20T00:33:17.3511120Z Stopping container: 01e527ee5bdc_iga-historicos.
2025-09-20T00:33:22.5866807Z Deleting container: 01e527ee5bdc_iga-historicos. Retry count = 0
2025-09-20T00:33:24.7184529Z Container spec TerminationMessagePolicy  path 
2025-09-20T00:33:24.7294177Z Container is terminated. Total time elapsed: 7529 ms.
2025-09-20T00:33:24.7380783Z Site container: iga-historicos terminated during site startup.
2025-09-20T00:33:24.7506651Z Site: iga-historicos stopped.
2025-09-20T00:33:38.665Z ERROR - DockerApiException: Docker API responded with status code=NotFound, response={"message":"manifest for 10.1.0.5:13209/appsvc/node:20-lts_20250724.2.tuxprod not found: manifest unknown: manifest unknown"}

2025-09-20T00:33:39.117Z ERROR - DockerApiException: Docker API responded with status code=NotFound, response={"message":"manifest for 10.1.0.6:13209/appsvc/node:20-lts_20250724.2.tuxprod not found: manifest unknown: manifest unknown"}

2025-09-20T00:33:39.778Z INFO  - 20-lts_20250724.2.tuxprod Pulling from appsvc/node
2025-09-20T00:33:39.796Z INFO  - c19952135643 Pulling fs layer
2025-09-20T00:33:39.796Z INFO  - b49b2c83cf45 Pulling fs layer
2025-09-20T00:33:39.796Z INFO  - a7350ec49683 Pulling fs layer
2025-09-20T00:33:39.796Z INFO  - ca64976d1f75 Pulling fs layer
2025-09-20T00:33:39.796Z INFO  - 9c231cb2d468 Pulling fs layer
2025-09-20T00:33:39.796Z INFO  - 6d5ed858bc79 Pulling fs layer
2025-09-20T00:33:39.796Z INFO  - b147e1d819b6 Pulling fs layer
2025-09-20T00:33:39.861Z INFO  - bddeee446dea Pulling fs layer
2025-09-20T00:33:39.861Z INFO  - 3bba0ee51794 Pulling fs layer
2025-09-20T00:33:39.912Z INFO  - 5b5c68b4e022 Pulling fs layer
2025-09-20T00:33:39.929Z INFO  - 589fad460b75 Pulling fs layer
2025-09-20T00:33:39.929Z INFO  - a4ac82e1650a Pulling fs layer
2025-09-20T00:33:39.929Z INFO  - 6e652537f0de Pulling fs layer
2025-09-20T00:33:39.929Z INFO  - 4f4fb700ef54 Pulling fs layer
2025-09-20T00:33:39.929Z INFO  - 70b2d1c62102 Pulling fs layer
2025-09-20T00:33:39.929Z INFO  - 81114daeece3 Pulling fs layer
2025-09-20T00:33:39.929Z INFO  - 72560126db61 Pulling fs layer
2025-09-20T00:33:39.929Z INFO  - b4ee02498c51 Pulling fs layer
2025-09-20T00:33:39.929Z INFO  - 9f7642f5d897 Pulling fs layer
2025-09-20T00:33:39.929Z INFO  - 064a93d404d8 Pulling fs layer
2025-09-20T00:33:39.929Z INFO  - 9078bcfaabdd Pulling fs layer
2025-09-20T00:33:39.929Z INFO  - 8367cb93fd79 Pulling fs layer
2025-09-20T00:33:39.929Z INFO  - 432802c32c40 Pulling fs layer
2025-09-20T00:33:39.929Z INFO  - b5ee41dce4d1 Pulling fs layer
2025-09-20T00:33:39.929Z INFO  - 299358e274fc Pulling fs layer
2025-09-20T00:33:39.929Z INFO  - a0f687a8a43e Pulling fs layer
2025-09-20T00:33:39.930Z INFO  - f6668cf6fc4f Pulling fs layer
2025-09-20T00:33:39.930Z INFO  - cab9518eb753 Pulling fs layer
2025-09-20T00:33:39.930Z INFO  - f9717d513d08 Pulling fs layer
2025-09-20T00:33:39.930Z INFO  - 81d0cf6a6204 Pulling fs layer
2025-09-20T00:33:39.930Z INFO  - 9078bcfaabdd Waiting
2025-09-20T00:33:39.930Z INFO  - 8367cb93fd79 Waiting
2025-09-20T00:33:39.930Z INFO  - 432802c32c40 Waiting
2025-09-20T00:33:39.930Z INFO  - b5ee41dce4d1 Waiting
2025-09-20T00:33:39.930Z INFO  - 299358e274fc Waiting
2025-09-20T00:33:39.930Z INFO  - a0f687a8a43e Waiting
2025-09-20T00:33:39.930Z INFO  - f6668cf6fc4f Waiting
2025-09-20T00:33:39.930Z INFO  - cab9518eb753 Waiting
2025-09-20T00:33:39.930Z INFO  - f9717d513d08 Waiting
2025-09-20T00:33:39.930Z INFO  - e705a3b12771 Pulling fs layer
2025-09-20T00:33:39.930Z INFO  - cdcdb6bbda74 Pulling fs layer
2025-09-20T00:33:39.930Z INFO  - 3c56665f14df Pulling fs layer
2025-09-20T00:33:39.930Z INFO  - 6076b5261919 Pulling fs layer
2025-09-20T00:33:39.930Z INFO  - cfb2442eec7a Pulling fs layer
2025-09-20T00:33:39.930Z INFO  - c7bf2b05e76c Pulling fs layer
2025-09-20T00:33:39.930Z INFO  - 9e40ee8f5c7c Pulling fs layer
2025-09-20T00:33:39.930Z INFO  - 81d0cf6a6204 Waiting
2025-09-20T00:33:39.948Z INFO  - e705a3b12771 Waiting
2025-09-20T00:33:39.949Z INFO  - cdcdb6bbda74 Waiting
2025-09-20T00:33:39.949Z INFO  - 3c56665f14df Waiting
2025-09-20T00:33:39.949Z INFO  - 6076b5261919 Waiting
2025-09-20T00:33:39.949Z INFO  - cfb2442eec7a Waiting
2025-09-20T00:33:39.957Z INFO  - c7bf2b05e76c Waiting
2025-09-20T00:33:39.957Z INFO  - 9e40ee8f5c7c Waiting
2025-09-20T00:33:41.294Z INFO  - 6d5ed858bc79 Downloading 3KB / 39KB
2025-09-20T00:33:41.294Z INFO  - 6d5ed858bc79 Downloading 39KB / 39KB
2025-09-20T00:33:41.294Z INFO  - 6d5ed858bc79 Verifying Checksum
2025-09-20T00:33:41.294Z INFO  - 6d5ed858bc79 Download complete
2025-09-20T00:33:41.707Z INFO  - b147e1d819b6 Downloading 3KB / 10KB
2025-09-20T00:33:41.843Z INFO  - ca64976d1f75 Downloading 387B / 387B
2025-09-20T00:33:41.845Z INFO  - b147e1d819b6 Downloading 10KB / 10KB
2025-09-20T00:33:41.853Z INFO  - ca64976d1f75 Verifying Checksum
2025-09-20T00:33:41.853Z INFO  - ca64976d1f75 Download complete
2025-09-20T00:33:41.853Z INFO  - b147e1d819b6 Verifying Checksum
2025-09-20T00:33:41.853Z INFO  - b147e1d819b6 Download complete
2025-09-20T00:33:41.892Z INFO  - bddeee446dea Downloading 3KB / 14KB
2025-09-20T00:33:41.929Z INFO  - a7350ec49683 Downloading 95KB / 3MB
2025-09-20T00:33:41.930Z INFO  - bddeee446dea Downloading 14KB / 14KB
2025-09-20T00:33:41.939Z INFO  - 6e652537f0de Verifying Checksum
2025-09-20T00:33:41.948Z INFO  - 6e652537f0de Download complete
2025-09-20T00:33:41.950Z INFO  - bddeee446dea Verifying Checksum
2025-09-20T00:33:41.950Z INFO  - bddeee446dea Download complete
2025-09-20T00:33:42.028Z INFO  - 589fad460b75 Downloading 158KB / 1MB
2025-09-20T00:33:42.071Z INFO  - b49b2c83cf45 Downloading 1MB / 35MB
2025-09-20T00:33:42.137Z INFO  - 064a93d404d8 Downloading 638KB / 5MB
2025-09-20T00:33:42.164Z INFO  - 9c231cb2d468 Downloading 111KB / 1MB
2025-09-20T00:33:42.164Z INFO  - 9f7642f5d897 Downloading 126B / 126B
2025-09-20T00:33:42.164Z INFO  - 4f4fb700ef54 Downloading 32B / 32B
2025-09-20T00:33:42.202Z INFO  - 9f7642f5d897 Verifying Checksum
2025-09-20T00:33:42.202Z INFO  - 9f7642f5d897 Download complete
2025-09-20T00:33:42.202Z INFO  - 4f4fb700ef54 Verifying Checksum
2025-09-20T00:33:42.202Z INFO  - 4f4fb700ef54 Download complete
2025-09-20T00:33:42.708Z INFO  - 72560126db61 Downloading 254KB / 11MB
2025-09-20T00:33:42.708Z INFO  - 064a93d404d8 Downloading 702KB / 5MB
2025-09-20T00:33:42.708Z INFO  - 589fad460b75 Verifying Checksum
2025-09-20T00:33:42.708Z INFO  - 589fad460b75 Download complete
2025-09-20T00:33:42.708Z INFO  - b49b2c83cf45 Downloading 2MB / 35MB
2025-09-20T00:33:42.882Z INFO  - 5b5c68b4e022 Downloading 3KB / 10KB
2025-09-20T00:33:42.883Z INFO  - 5b5c68b4e022 Downloading 10KB / 10KB
2025-09-20T00:33:42.883Z INFO  - 064a93d404d8 Downloading 958KB / 5MB
2025-09-20T00:33:42.883Z INFO  - b4ee02498c51 Downloading 350KB / 16MB
2025-09-20T00:33:42.883Z INFO  - 9c231cb2d468 Downloading 414KB / 1MB
2025-09-20T00:33:42.948Z INFO  - 3bba0ee51794 Download complete
2025-09-20T00:33:42.948Z INFO  - 5b5c68b4e022 Verifying Checksum
2025-09-20T00:33:42.948Z INFO  - 5b5c68b4e022 Download complete
2025-09-20T00:33:43.120Z INFO  - 72560126db61 Downloading 766KB / 11MB
2025-09-20T00:33:43.161Z INFO  - a7350ec49683 Downloading 430KB / 3MB
2025-09-20T00:33:43.171Z INFO  - 81114daeece3 Downloading 958KB / 46MB
2025-09-20T00:33:43.246Z INFO  - 72560126db61 Downloading 1MB / 11MB
2025-09-20T00:33:43.795Z INFO  - a4ac82e1650a Downloading 814KB / 1MB
2025-09-20T00:33:43.795Z INFO  - a4ac82e1650a Verifying Checksum
2025-09-20T00:33:43.795Z INFO  - a4ac82e1650a Download complete
2025-09-20T00:33:43.795Z INFO  - a7350ec49683 Downloading 670KB / 3MB
2025-09-20T00:33:43.795Z INFO  - 81114daeece3 Downloading 1MB / 46MB
2025-09-20T00:33:43.795Z INFO  - 064a93d404d8 Downloading 2MB / 5MB
2025-09-20T00:33:43.795Z INFO  - c19952135643 Downloading 958KB / 46MB
2025-09-20T00:33:43.795Z INFO  - b49b2c83cf45 Downloading 3MB / 35MB
2025-09-20T00:33:43.815Z INFO  - 72560126db61 Downloading 1MB / 11MB
2025-09-20T00:33:43.836Z INFO  - 9c231cb2d468 Verifying Checksum
2025-09-20T00:33:43.837Z INFO  - 9c231cb2d468 Download complete
2025-09-20T00:33:44.041Z INFO  - 70b2d1c62102 Downloading 942KB / 45MB
2025-09-20T00:33:44.041Z INFO  - 064a93d404d8 Downloading 3MB / 5MB
2025-09-20T00:33:44.041Z INFO  - b49b2c83cf45 Downloading 4MB / 35MB
2025-09-20T00:33:44.041Z INFO  - 72560126db61 Downloading 1MB / 11MB
2025-09-20T00:33:44.347Z INFO  - 81114daeece3 Downloading 2MB / 46MB
2025-09-20T00:33:44.349Z INFO  - 70b2d1c62102 Downloading 1MB / 45MB
2025-09-20T00:33:44.365Z INFO  - c19952135643 Downloading 1MB / 46MB
2025-09-20T00:33:44.365Z INFO  - 064a93d404d8 Downloading 4MB / 5MB
2025-09-20T00:33:44.365Z INFO  - b4ee02498c51 Downloading 3MB / 16MB
2025-09-20T00:33:44.365Z INFO  - 72560126db61 Downloading 2MB / 11MB
2025-09-20T00:33:44.365Z INFO  - a7350ec49683 Downloading 2MB / 3MB
2025-09-20T00:33:44.384Z INFO  - 81114daeece3 Downloading 3MB / 46MB
2025-09-20T00:33:44.707Z INFO  - c19952135643 Downloading 2MB / 46MB
2025-09-20T00:33:44.707Z INFO  - b4ee02498c51 Downloading 4MB / 16MB
2025-09-20T00:33:44.707Z INFO  - 72560126db61 Downloading 3MB / 11MB
2025-09-20T00:33:44.707Z INFO  - 9078bcfaabdd Downloading 948B / 948B
2025-09-20T00:33:44.707Z INFO  - 064a93d404d8 Verifying Checksum
2025-09-20T00:33:44.707Z INFO  - 064a93d404d8 Download complete
2025-09-20T00:33:44.707Z INFO  - 9078bcfaabdd Verifying Checksum
2025-09-20T00:33:44.707Z INFO  - 9078bcfaabdd Download complete
2025-09-20T00:33:44.756Z INFO  - 70b2d1c62102 Downloading 3MB / 45MB
2025-09-20T00:33:44.872Z INFO  - 8367cb93fd79 Downloading 1KB / 1KB
2025-09-20T00:33:44.873Z INFO  - b49b2c83cf45 Downloading 7MB / 35MB
2025-09-20T00:33:44.900Z INFO  - a7350ec49683 Verifying Checksum
2025-09-20T00:33:44.900Z INFO  - a7350ec49683 Download complete
2025-09-20T00:33:44.900Z INFO  - 8367cb93fd79 Verifying Checksum
2025-09-20T00:33:44.900Z INFO  - 8367cb93fd79 Download complete
2025-09-20T00:33:45.164Z INFO  - b4ee02498c51 Downloading 5MB / 16MB
2025-09-20T00:33:45.164Z INFO  - 432802c32c40 Downloading 139B / 139B
2025-09-20T00:33:45.173Z INFO  - 432802c32c40 Verifying Checksum
2025-09-20T00:33:45.173Z INFO  - 432802c32c40 Download complete
2025-09-20T00:33:45.184Z INFO  - c19952135643 Downloading 3MB / 46MB
2025-09-20T00:33:45.454Z INFO  - 81114daeece3 Downloading 4MB / 46MB
2025-09-20T00:33:45.456Z INFO  - b4ee02498c51 Downloading 6MB / 16MB
2025-09-20T00:33:45.456Z INFO  - b49b2c83cf45 Downloading 8MB / 35MB
2025-09-20T00:33:45.456Z INFO  - a0f687a8a43e Downloading 1KB / 1KB
2025-09-20T00:33:45.456Z INFO  - a0f687a8a43e Verifying Checksum
2025-09-20T00:33:45.456Z INFO  - a0f687a8a43e Download complete
2025-09-20T00:33:45.543Z INFO  - 299358e274fc Downloading 1KB / 1KB
2025-09-20T00:33:45.543Z INFO  - 299358e274fc Verifying Checksum
2025-09-20T00:33:45.543Z INFO  - 299358e274fc Download complete
2025-09-20T00:33:45.564Z INFO  - 70b2d1c62102 Downloading 5MB / 45MB
2025-09-20T00:33:45.670Z INFO  - 72560126db61 Downloading 5MB / 11MB
2025-09-20T00:33:45.737Z INFO  - b4ee02498c51 Downloading 7MB / 16MB
2025-09-20T00:33:45.804Z INFO  - 81114daeece3 Downloading 5MB / 46MB
2025-09-20T00:33:45.893Z INFO  - f9717d513d08 Downloading 13KB / 13KB
2025-09-20T00:33:45.893Z INFO  - f9717d513d08 Verifying Checksum
2025-09-20T00:33:45.893Z INFO  - f9717d513d08 Download complete
2025-09-20T00:33:45.893Z INFO  - b49b2c83cf45 Downloading 9MB / 35MB
2025-09-20T00:33:45.893Z INFO  - b5ee41dce4d1 Downloading 526KB / 67MB
2025-09-20T00:33:46.012Z INFO  - 72560126db61 Downloading 6MB / 11MB
2025-09-20T00:33:46.014Z INFO  - b4ee02498c51 Downloading 7MB / 16MB
2025-09-20T00:33:46.207Z INFO  - cab9518eb753 Downloading 151B / 151B
2025-09-20T00:33:46.234Z INFO  - cdcdb6bbda74 Downloading 269B / 269B
2025-09-20T00:33:46.234Z INFO  - f6668cf6fc4f Downloading 3KB / 3KB
2025-09-20T00:33:46.234Z INFO  - cab9518eb753 Verifying Checksum
2025-09-20T00:33:46.234Z INFO  - cab9518eb753 Download complete
2025-09-20T00:33:46.234Z INFO  - cdcdb6bbda74 Verifying Checksum
2025-09-20T00:33:46.234Z INFO  - cdcdb6bbda74 Download complete
2025-09-20T00:33:46.234Z INFO  - f6668cf6fc4f Verifying Checksum
2025-09-20T00:33:46.234Z INFO  - f6668cf6fc4f Download complete
2025-09-20T00:33:46.359Z INFO  - 72560126db61 Downloading 6MB / 11MB
2025-09-20T00:33:46.359Z INFO  - 81114daeece3 Downloading 7MB / 46MB
2025-09-20T00:33:46.359Z INFO  - c19952135643 Downloading 7MB / 46MB
2025-09-20T00:33:46.359Z INFO  - 81d0cf6a6204 Downloading 1KB / 1KB
2025-09-20T00:33:46.359Z INFO  - e705a3b12771 Downloading 269B / 269B
2025-09-20T00:33:46.359Z INFO  - 81d0cf6a6204 Verifying Checksum
2025-09-20T00:33:46.359Z INFO  - 81d0cf6a6204 Download complete
2025-09-20T00:33:46.359Z INFO  - e705a3b12771 Verifying Checksum
2025-09-20T00:33:46.359Z INFO  - e705a3b12771 Download complete
2025-09-20T00:33:46.414Z INFO  - b4ee02498c51 Downloading 8MB / 16MB
2025-09-20T00:33:46.423Z INFO  - b49b2c83cf45 Downloading 10MB / 35MB
2025-09-20T00:33:46.637Z INFO  - b5ee41dce4d1 Downloading 1MB / 67MB
2025-09-20T00:33:46.645Z INFO  - 70b2d1c62102 Downloading 7MB / 45MB
2025-09-20T00:33:46.645Z INFO  - b49b2c83cf45 Downloading 10MB / 35MB
2025-09-20T00:33:46.645Z INFO  - 72560126db61 Downloading 7MB / 11MB
2025-09-20T00:33:46.647Z INFO  - b4ee02498c51 Downloading 9MB / 16MB
2025-09-20T00:33:46.756Z INFO  - 72560126db61 Downloading 7MB / 11MB
2025-09-20T00:33:46.764Z INFO  - 70b2d1c62102 Downloading 8MB / 45MB
2025-09-20T00:33:46.764Z INFO  - b4ee02498c51 Downloading 10MB / 16MB
2025-09-20T00:33:46.797Z INFO  - 9e40ee8f5c7c Downloading 133B / 133B
2025-09-20T00:33:46.797Z INFO  - 6076b5261919 Downloading 416B / 416B
2025-09-20T00:33:46.797Z INFO  - 9e40ee8f5c7c Verifying Checksum
2025-09-20T00:33:46.797Z INFO  - 9e40ee8f5c7c Download complete
2025-09-20T00:33:46.797Z INFO  - 6076b5261919 Verifying Checksum
2025-09-20T00:33:46.797Z INFO  - 6076b5261919 Download complete
2025-09-20T00:33:46.918Z INFO  - c19952135643 Downloading 9MB / 46MB
2025-09-20T00:33:46.918Z INFO  - b49b2c83cf45 Downloading 12MB / 35MB
2025-09-20T00:33:46.918Z INFO  - 72560126db61 Downloading 8MB / 11MB
2025-09-20T00:33:46.918Z INFO  - 3c56665f14df Downloading 124B / 124B
2025-09-20T00:33:46.918Z INFO  - 3c56665f14df Verifying Checksum
2025-09-20T00:33:46.919Z INFO  - 3c56665f14df Download complete
2025-09-20T00:33:46.927Z INFO  - b5ee41dce4d1 Downloading 3MB / 67MB
2025-09-20T00:33:47.240Z INFO  - 81114daeece3 Downloading 9MB / 46MB
2025-09-20T00:33:47.240Z INFO  - 72560126db61 Downloading 8MB / 11MB
2025-09-20T00:33:48.375Z INFO  - b4ee02498c51 Downloading 10MB / 16MB
2025-09-20T00:33:48.375Z INFO  - c19952135643 Downloading 10MB / 46MB
2025-09-20T00:33:48.375Z INFO  - 81114daeece3 Downloading 10MB / 46MB
2025-09-20T00:33:48.375Z INFO  - c19952135643 Downloading 11MB / 46MB
2025-09-20T00:33:48.375Z INFO  - 72560126db61 Downloading 10MB / 11MB
2025-09-20T00:33:48.375Z INFO  - cfb2442eec7a Downloading 1KB / 1KB
2025-09-20T00:33:48.375Z INFO  - 72560126db61 Verifying Checksum
2025-09-20T00:33:48.375Z INFO  - 72560126db61 Download complete
2025-09-20T00:33:48.375Z INFO  - cfb2442eec7a Verifying Checksum
2025-09-20T00:33:48.375Z INFO  - cfb2442eec7a Download complete
2025-09-20T00:33:48.375Z INFO  - b5ee41dce4d1 Downloading 4MB / 67MB
2025-09-20T00:33:48.375Z INFO  - 70b2d1c62102 Downloading 10MB / 45MB
2025-09-20T00:33:48.375Z INFO  - b49b2c83cf45 Downloading 15MB / 35MB
2025-09-20T00:33:48.375Z INFO  - b4ee02498c51 Downloading 12MB / 16MB
2025-09-20T00:33:48.375Z INFO  - 70b2d1c62102 Downloading 11MB / 45MB
2025-09-20T00:33:48.375Z INFO  - b5ee41dce4d1 Downloading 5MB / 67MB
2025-09-20T00:33:48.375Z INFO  - c19952135643 Downloading 12MB / 46MB
2025-09-20T00:33:48.375Z INFO  - b49b2c83cf45 Downloading 15MB / 35MB
2025-09-20T00:33:48.375Z INFO  - c7bf2b05e76c Downloading 95KB / 1MB
2025-09-20T00:33:48.375Z INFO  - c19952135643 Downloading 13MB / 46MB
2025-09-20T00:33:48.375Z INFO  - 81114daeece3 Downloading 13MB / 46MB
2025-09-20T00:33:48.376Z INFO  - c19952135643 Downloading 14MB / 46MB
2025-09-20T00:33:48.376Z INFO  - 81114daeece3 Downloading 14MB / 46MB
2025-09-20T00:33:48.376Z INFO  - b4ee02498c51 Downloading 13MB / 16MB
2025-09-20T00:33:48.376Z INFO  - 70b2d1c62102 Downloading 12MB / 45MB
2025-09-20T00:33:48.376Z INFO  - b4ee02498c51 Downloading 14MB / 16MB
2025-09-20T00:33:48.376Z INFO  - b49b2c83cf45 Downloading 17MB / 35MB
2025-09-20T00:33:48.376Z INFO  - 70b2d1c62102 Downloading 13MB / 45MB
2025-09-20T00:33:48.529Z INFO  - b4ee02498c51 Downloading 15MB / 16MB
2025-09-20T00:33:48.537Z INFO  - c7bf2b05e76c Downloading 1MB / 1MB
2025-09-20T00:33:48.537Z INFO  - b4ee02498c51 Verifying Checksum
2025-09-20T00:33:48.537Z INFO  - b4ee02498c51 Download complete
2025-09-20T00:33:48.538Z INFO  - c7bf2b05e76c Verifying Checksum
2025-09-20T00:33:48.538Z INFO  - c7bf2b05e76c Download complete
2025-09-20T00:33:48.852Z INFO  - c19952135643 Downloading 16MB / 46MB
2025-09-20T00:33:48.863Z INFO  - 70b2d1c62102 Downloading 16MB / 45MB
2025-09-20T00:33:49.206Z INFO  - b5ee41dce4d1 Downloading 10MB / 67MB
2025-09-20T00:33:49.206Z INFO  - 70b2d1c62102 Downloading 18MB / 45MB
2025-09-20T00:33:49.206Z INFO  - c19952135643 Downloading 17MB / 46MB
2025-09-20T00:33:49.206Z INFO  - b49b2c83cf45 Downloading 20MB / 35MB
2025-09-20T00:33:49.229Z INFO  - c19952135643 Downloading 18MB / 46MB
2025-09-20T00:33:49.438Z INFO  - c19952135643 Downloading 19MB / 46MB
2025-09-20T00:33:49.466Z INFO  - b49b2c83cf45 Downloading 20MB / 35MB
2025-09-20T00:33:49.557Z INFO  - 70b2d1c62102 Downloading 19MB / 45MB
2025-09-20T00:33:49.577Z INFO  - 81114daeece3 Downloading 18MB / 46MB
2025-09-20T00:33:49.618Z INFO  - 81114daeece3 Downloading 19MB / 46MB
2025-09-20T00:33:49.635Z INFO  - c19952135643 Downloading 20MB / 46MB
2025-09-20T00:33:49.758Z INFO  - b5ee41dce4d1 Downloading 13MB / 67MB
2025-09-20T00:33:49.759Z INFO  - b49b2c83cf45 Downloading 21MB / 35MB
2025-09-20T00:33:49.759Z INFO  - 81114daeece3 Downloading 20MB / 46MB
2025-09-20T00:33:49.857Z INFO  - 70b2d1c62102 Downloading 20MB / 45MB
2025-09-20T00:33:49.928Z INFO  - 81114daeece3 Downloading 21MB / 46MB
2025-09-20T00:33:49.996Z INFO  - b5ee41dce4d1 Downloading 14MB / 67MB
2025-09-20T00:33:50.096Z INFO  - b49b2c83cf45 Downloading 24MB / 35MB
2025-09-20T00:33:50.096Z INFO  - 81114daeece3 Downloading 22MB / 46MB
2025-09-20T00:33:50.195Z INFO  - b5ee41dce4d1 Downloading 16MB / 67MB
2025-09-20T00:33:50.225Z INFO  - b49b2c83cf45 Downloading 24MB / 35MB
2025-09-20T00:33:50.225Z INFO  - 81114daeece3 Downloading 23MB / 46MB
2025-09-20T00:33:50.333Z INFO  - 70b2d1c62102 Downloading 23MB / 45MB
2025-09-20T00:33:50.510Z INFO  - b5ee41dce4d1 Downloading 18MB / 67MB
2025-09-20T00:33:50.598Z INFO  - b49b2c83cf45 Downloading 25MB / 35MB
2025-09-20T00:33:50.598Z INFO  - 81114daeece3 Downloading 26MB / 46MB
2025-09-20T00:33:50.672Z INFO  - b5ee41dce4d1 Downloading 19MB / 67MB
2025-09-20T00:33:50.731Z INFO  - 81114daeece3 Downloading 27MB / 46MB
2025-09-20T00:33:50.835Z INFO  - b49b2c83cf45 Downloading 26MB / 35MB
2025-09-20T00:33:50.865Z INFO  - b5ee41dce4d1 Downloading 19MB / 67MB
2025-09-20T00:33:51.088Z INFO  - b49b2c83cf45 Downloading 28MB / 35MB
2025-09-20T00:33:51.340Z INFO  - b5ee41dce4d1 Downloading 20MB / 67MB
2025-09-20T00:33:51.340Z INFO  - 81114daeece3 Downloading 29MB / 46MB
2025-09-20T00:33:51.340Z INFO  - 70b2d1c62102 Downloading 28MB / 45MB
2025-09-20T00:33:51.340Z INFO  - b49b2c83cf45 Downloading 29MB / 35MB
2025-09-20T00:33:51.414Z INFO  - 70b2d1c62102 Downloading 29MB / 45MB
2025-09-20T00:33:51.464Z INFO  - b5ee41dce4d1 Downloading 21MB / 67MB
2025-09-20T00:33:51.579Z INFO  - 70b2d1c62102 Downloading 29MB / 45MB
2025-09-20T00:33:51.649Z INFO  - b5ee41dce4d1 Downloading 22MB / 67MB
2025-09-20T00:33:51.801Z INFO  - c19952135643 Downloading 30MB / 46MB
2025-09-20T00:33:51.941Z INFO  - b49b2c83cf45 Downloading 30MB / 35MB
2025-09-20T00:33:51.941Z INFO  - b5ee41dce4d1 Downloading 23MB / 67MB
2025-09-20T00:33:51.941Z INFO  - b49b2c83cf45 Downloading 31MB / 35MB
2025-09-20T00:33:51.988Z INFO  - c19952135643 Downloading 30MB / 46MB
2025-09-20T00:33:51.990Z INFO  - b49b2c83cf45 Downloading 31MB / 35MB
2025-09-20T00:33:52.050Z INFO  - 70b2d1c62102 Downloading 32MB / 45MB
2025-09-20T00:33:52.103Z INFO  - b49b2c83cf45 Downloading 32MB / 35MB
2025-09-20T00:33:52.190Z INFO  - b5ee41dce4d1 Downloading 24MB / 67MB
2025-09-20T00:33:52.347Z INFO  - b5ee41dce4d1 Downloading 25MB / 67MB
2025-09-20T00:33:52.347Z INFO  - 81114daeece3 Downloading 33MB / 46MB
2025-09-20T00:33:52.397Z INFO  - c19952135643 Downloading 32MB / 46MB
2025-09-20T00:33:52.568Z INFO  - 70b2d1c62102 Downloading 33MB / 45MB
2025-09-20T00:33:52.569Z INFO  - b49b2c83cf45 Verifying Checksum
2025-09-20T00:33:52.569Z INFO  - b49b2c83cf45 Download complete
2025-09-20T00:33:52.589Z INFO  - 81114daeece3 Downloading 34MB / 46MB
2025-09-20T00:33:52.716Z INFO  - 70b2d1c62102 Downloading 34MB / 45MB
2025-09-20T00:33:52.774Z INFO  - b5ee41dce4d1 Downloading 28MB / 67MB
2025-09-20T00:33:52.970Z INFO  - c19952135643 Downloading 35MB / 46MB
2025-09-20T00:33:52.971Z INFO  - 70b2d1c62102 Downloading 36MB / 45MB
2025-09-20T00:33:53.029Z INFO  - b5ee41dce4d1 Downloading 29MB / 67MB
2025-09-20T00:33:53.085Z INFO  - 81114daeece3 Downloading 37MB / 46MB
2025-09-20T00:33:53.316Z INFO  - c19952135643 Downloading 36MB / 46MB
2025-09-20T00:33:53.335Z INFO  - 81114daeece3 Downloading 38MB / 46MB
2025-09-20T00:33:53.524Z INFO  - 81114daeece3 Downloading 39MB / 46MB
2025-09-20T00:33:53.533Z INFO  - c19952135643 Downloading 37MB / 46MB
2025-09-20T00:33:53.533Z INFO  - 70b2d1c62102 Downloading 38MB / 45MB
2025-09-20T00:33:53.533Z INFO  - b5ee41dce4d1 Downloading 32MB / 67MB
2025-09-20T00:33:53.666Z INFO  - 70b2d1c62102 Downloading 39MB / 45MB
2025-09-20T00:33:53.810Z INFO  - 70b2d1c62102 Downloading 40MB / 45MB
2025-09-20T00:33:53.916Z INFO  - 70b2d1c62102 Downloading 41MB / 45MB
2025-09-20T00:33:53.927Z INFO  - 81114daeece3 Downloading 44MB / 46MB
2025-09-20T00:33:53.992Z INFO  - b5ee41dce4d1 Downloading 35MB / 67MB
2025-09-20T00:33:54.046Z INFO  - 81114daeece3 Downloading 45MB / 46MB
2025-09-20T00:33:54.046Z INFO  - c19952135643 Downloading 41MB / 46MB
2025-09-20T00:33:54.187Z INFO  - 70b2d1c62102 Downloading 43MB / 45MB
2025-09-20T00:33:54.187Z INFO  - c19952135643 Downloading 42MB / 46MB
2025-09-20T00:33:54.215Z INFO  - 81114daeece3 Downloading 45MB / 46MB
2025-09-20T00:33:54.404Z INFO  - c19952135643 Downloading 44MB / 46MB
2025-09-20T00:33:54.404Z INFO  - 81114daeece3 Verifying Checksum
2025-09-20T00:33:54.404Z INFO  - 81114daeece3 Download complete
2025-09-20T00:33:54.442Z INFO  - 70b2d1c62102 Downloading 44MB / 45MB
2025-09-20T00:33:54.562Z INFO  - b5ee41dce4d1 Downloading 39MB / 67MB
2025-09-20T00:33:54.562Z INFO  - c19952135643 Downloading 45MB / 46MB
2025-09-20T00:33:54.562Z INFO  - 70b2d1c62102 Verifying Checksum
2025-09-20T00:33:54.562Z INFO  - 70b2d1c62102 Download complete
2025-09-20T00:33:54.719Z INFO  - c19952135643 Verifying Checksum
2025-09-20T00:33:54.719Z INFO  - c19952135643 Download complete
2025-09-20T00:33:54.830Z INFO  - b5ee41dce4d1 Downloading 42MB / 67MB
2025-09-20T00:33:55.057Z INFO  - b5ee41dce4d1 Downloading 43MB / 67MB
2025-09-20T00:33:55.341Z INFO  - b5ee41dce4d1 Downloading 46MB / 67MB
2025-09-20T00:33:55.631Z INFO  - b5ee41dce4d1 Downloading 48MB / 67MB
2025-09-20T00:33:55.730Z INFO  - b5ee41dce4d1 Downloading 50MB / 67MB
2025-09-20T00:33:56.029Z INFO  - b5ee41dce4d1 Downloading 51MB / 67MB
2025-09-20T00:33:56.493Z INFO  - c19952135643 Extracting 960KB / 46MB
2025-09-20T00:33:56.550Z INFO  - b5ee41dce4d1 Downloading 54MB / 67MB
2025-09-20T00:33:56.868Z INFO  - c19952135643 Extracting 1MB / 46MB
2025-09-20T00:33:57.089Z INFO  - b5ee41dce4d1 Downloading 55MB / 67MB
2025-09-20T00:33:57.264Z INFO  - c19952135643 Extracting 2MB / 46MB
2025-09-20T00:33:57.529Z INFO  - c19952135643 Extracting 3MB / 46MB
2025-09-20T00:33:57.963Z INFO  - b5ee41dce4d1 Downloading 59MB / 67MB
2025-09-20T00:33:58.144Z INFO  - c19952135643 Extracting 6MB / 46MB
2025-09-20T00:33:58.322Z INFO  - b5ee41dce4d1 Downloading 60MB / 67MB
2025-09-20T00:33:58.456Z INFO  - c19952135643 Extracting 7MB / 46MB
2025-09-20T00:33:58.666Z INFO  - c19952135643 Extracting 8MB / 46MB
2025-09-20T00:33:59.029Z INFO  - b5ee41dce4d1 Downloading 67MB / 67MB
2025-09-20T00:33:59.274Z INFO  - c19952135643 Extracting 9MB / 46MB
2025-09-20T00:33:59.821Z INFO  - b5ee41dce4d1 Verifying Checksum
2025-09-20T00:33:59.828Z INFO  - b5ee41dce4d1 Download complete
2025-09-20T00:33:59.840Z INFO  - c19952135643 Extracting 11MB / 46MB
2025-09-20T00:34:00.341Z INFO  - c19952135643 Extracting 12MB / 46MB
2025-09-20T00:34:00.450Z INFO  - c19952135643 Extracting 13MB / 46MB
2025-09-20T00:34:01.666Z INFO  - c19952135643 Extracting 19MB / 46MB
2025-09-20T00:34:02.072Z INFO  - c19952135643 Extracting 20MB / 46MB
2025-09-20T00:34:02.432Z INFO  - c19952135643 Extracting 21MB / 46MB
2025-09-20T00:34:03.470Z INFO  - c19952135643 Extracting 22MB / 46MB
2025-09-20T00:34:04.843Z INFO  - c19952135643 Extracting 23MB / 46MB
2025-09-20T00:34:06.385Z INFO  - c19952135643 Extracting 25MB / 46MB
2025-09-20T00:34:06.742Z INFO  - c19952135643 Extracting 26MB / 46MB
2025-09-20T00:34:07.561Z INFO  - c19952135643 Extracting 27MB / 46MB
2025-09-20T00:34:08.400Z INFO  - c19952135643 Extracting 29MB / 46MB
2025-09-20T00:34:10.002Z INFO  - c19952135643 Extracting 31MB / 46MB
2025-09-20T00:34:11.325Z INFO  - c19952135643 Extracting 33MB / 46MB
2025-09-20T00:34:11.877Z INFO  - c19952135643 Extracting 35MB / 46MB
2025-09-20T00:34:12.373Z INFO  - c19952135643 Extracting 36MB / 46MB
2025-09-20T00:34:13.198Z INFO  - c19952135643 Extracting 37MB / 46MB
2025-09-20T00:34:13.620Z INFO  - c19952135643 Extracting 37MB / 46MB
2025-09-20T00:34:14.117Z INFO  - c19952135643 Extracting 38MB / 46MB
2025-09-20T00:34:14.408Z INFO  - c19952135643 Extracting 39MB / 46MB
2025-09-20T00:34:15.807Z INFO  - c19952135643 Extracting 42MB / 46MB
2025-09-20T00:34:16.659Z INFO  - c19952135643 Extracting 43MB / 46MB
2025-09-20T00:34:17.457Z INFO  - c19952135643 Extracting 44MB / 46MB
2025-09-20T00:34:18.666Z INFO  - c19952135643 Extracting 45MB / 46MB
2025-09-20T00:34:19.360Z INFO  - c19952135643 Extracting 46MB / 46MB
2025-09-20T00:34:19.710Z INFO  - c19952135643 Pull complete
2025-09-20T00:34:21.246Z INFO  - b49b2c83cf45 Extracting 6MB / 35MB
2025-09-20T00:34:21.677Z INFO  - b49b2c83cf45 Extracting 9MB / 35MB
2025-09-20T00:34:21.786Z INFO  - b49b2c83cf45 Extracting 10MB / 35MB
2025-09-20T00:34:22.428Z INFO  - b49b2c83cf45 Extracting 16MB / 35MB
2025-09-20T00:34:22.954Z INFO  - b49b2c83cf45 Extracting 17MB / 35MB
2025-09-20T00:34:23.359Z INFO  - b49b2c83cf45 Extracting 19MB / 35MB
2025-09-20T00:34:23.550Z INFO  - b49b2c83cf45 Extracting 19MB / 35MB
2025-09-20T00:34:24.139Z INFO  - b49b2c83cf45 Extracting 21MB / 35MB
2025-09-20T00:34:24.410Z INFO  - b49b2c83cf45 Extracting 22MB / 35MB
2025-09-20T00:34:24.523Z INFO  - b49b2c83cf45 Extracting 23MB / 35MB
2025-09-20T00:34:24.966Z INFO  - b49b2c83cf45 Extracting 25MB / 35MB
2025-09-20T00:34:25.339Z INFO  - b49b2c83cf45 Extracting 27MB / 35MB
2025-09-20T00:34:25.345Z INFO  - b49b2c83cf45 Extracting 28MB / 35MB
2025-09-20T00:34:25.832Z INFO  - b49b2c83cf45 Extracting 32MB / 35MB
2025-09-20T00:34:26.382Z INFO  - b49b2c83cf45 Extracting 35MB / 35MB
2025-09-20T00:34:26.574Z INFO  - b49b2c83cf45 Pull complete
2025-09-20T00:34:26.947Z INFO  - a7350ec49683 Extracting 1MB / 3MB
2025-09-20T00:34:27.219Z INFO  - a7350ec49683 Extracting 3MB / 3MB
2025-09-20T00:34:27.423Z INFO  - a7350ec49683 Extracting 3MB / 3MB
2025-09-20T00:34:27.453Z INFO  - a7350ec49683 Pull complete
2025-09-20T00:34:27.461Z INFO  - ca64976d1f75 Extracting 387B / 387B
2025-09-20T00:34:27.481Z INFO  - ca64976d1f75 Extracting 387B / 387B
2025-09-20T00:34:27.511Z INFO  - ca64976d1f75 Pull complete
2025-09-20T00:34:27.530Z INFO  - 9c231cb2d468 Extracting 32KB / 1MB
2025-09-20T00:34:27.726Z INFO  - 9c231cb2d468 Extracting 1MB / 1MB
2025-09-20T00:34:27.777Z INFO  - 9c231cb2d468 Pull complete
2025-09-20T00:34:27.798Z INFO  - 6d5ed858bc79 Extracting 32KB / 39KB
2025-09-20T00:34:27.988Z INFO  - 6d5ed858bc79 Extracting 39KB / 39KB
2025-09-20T00:34:28.028Z INFO  - 6d5ed858bc79 Pull complete
2025-09-20T00:34:28.040Z INFO  - b147e1d819b6 Extracting 10KB / 10KB
2025-09-20T00:34:28.115Z INFO  - b147e1d819b6 Extracting 10KB / 10KB
2025-09-20T00:34:28.139Z INFO  - b147e1d819b6 Pull complete
2025-09-20T00:34:28.157Z INFO  - bddeee446dea Extracting 14KB / 14KB
2025-09-20T00:34:28.389Z INFO  - bddeee446dea Extracting 14KB / 14KB
2025-09-20T00:34:28.420Z INFO  - bddeee446dea Pull complete
2025-09-20T00:34:28.564Z INFO  - 3bba0ee51794 Extracting 192KB / 281KB
2025-09-20T00:34:28.651Z INFO  - 3bba0ee51794 Extracting 281KB / 281KB
2025-09-20T00:34:28.680Z INFO  - 3bba0ee51794 Pull complete
2025-09-20T00:34:28.693Z INFO  - 5b5c68b4e022 Extracting 10KB / 10KB
2025-09-20T00:34:28.728Z INFO  - 5b5c68b4e022 Extracting 10KB / 10KB
2025-09-20T00:34:28.741Z INFO  - 5b5c68b4e022 Pull complete
2025-09-20T00:34:28.756Z INFO  - 589fad460b75 Extracting 32KB / 1MB
2025-09-20T00:34:28.809Z INFO  - 589fad460b75 Extracting 1MB / 1MB
2025-09-20T00:34:28.834Z INFO  - 589fad460b75 Pull complete
2025-09-20T00:34:28.843Z INFO  - a4ac82e1650a Extracting 32KB / 1MB
2025-09-20T00:34:29.187Z INFO  - a4ac82e1650a Extracting 1MB / 1MB
2025-09-20T00:34:29.206Z INFO  - a4ac82e1650a Pull complete
2025-09-20T00:34:29.215Z INFO  - 6e652537f0de Extracting 3KB / 3KB
2025-09-20T00:34:29.275Z INFO  - 6e652537f0de Extracting 3KB / 3KB
2025-09-20T00:34:29.291Z INFO  - 6e652537f0de Pull complete
2025-09-20T00:34:29.316Z INFO  - 4f4fb700ef54 Extracting 32B / 32B
2025-09-20T00:34:29.318Z INFO  - 4f4fb700ef54 Extracting 32B / 32B
2025-09-20T00:34:29.394Z INFO  - 4f4fb700ef54 Pull complete
2025-09-20T00:34:30.317Z INFO  - 70b2d1c62102 Extracting 17MB / 45MB
2025-09-20T00:34:30.471Z INFO  - 70b2d1c62102 Extracting 19MB / 45MB
2025-09-20T00:34:30.836Z INFO  - 70b2d1c62102 Extracting 23MB / 45MB
2025-09-20T00:34:31.634Z INFO  - 70b2d1c62102 Extracting 31MB / 45MB
2025-09-20T00:34:32.003Z INFO  - 70b2d1c62102 Extracting 41MB / 45MB
2025-09-20T00:34:32.004Z INFO  - 70b2d1c62102 Extracting 44MB / 45MB
2025-09-20T00:34:32.042Z INFO  - 70b2d1c62102 Extracting 45MB / 45MB
2025-09-20T00:34:32.120Z INFO  - 70b2d1c62102 Pull complete
2025-09-20T00:34:32.919Z INFO  - 81114daeece3 Extracting 2MB / 46MB
2025-09-20T00:34:33.232Z INFO  - 81114daeece3 Extracting 4MB / 46MB
2025-09-20T00:34:33.509Z INFO  - 81114daeece3 Extracting 6MB / 46MB
2025-09-20T00:34:33.763Z INFO  - 81114daeece3 Extracting 8MB / 46MB
2025-09-20T00:34:34.470Z INFO  - 81114daeece3 Extracting 14MB / 46MB
2025-09-20T00:34:34.773Z INFO  - 81114daeece3 Extracting 15MB / 46MB
2025-09-20T00:34:34.976Z INFO  - 81114daeece3 Extracting 15MB / 46MB
2025-09-20T00:34:35.852Z INFO  - 81114daeece3 Extracting 18MB / 46MB
2025-09-20T00:34:35.970Z INFO  - 81114daeece3 Extracting 19MB / 46MB
2025-09-20T00:34:36.579Z INFO  - 81114daeece3 Extracting 22MB / 46MB
2025-09-20T00:34:37.101Z INFO  - 81114daeece3 Extracting 24MB / 46MB
2025-09-20T00:34:37.102Z INFO  - 81114daeece3 Extracting 25MB / 46MB
2025-09-20T00:34:37.515Z INFO  - 81114daeece3 Extracting 27MB / 46MB
2025-09-20T00:34:37.516Z INFO  - 81114daeece3 Extracting 28MB / 46MB
2025-09-20T00:34:38.818Z INFO  - 81114daeece3 Extracting 32MB / 46MB
2025-09-20T00:34:40.427Z INFO  - 81114daeece3 Extracting 37MB / 46MB
2025-09-20T00:34:40.857Z INFO  - 81114daeece3 Extracting 38MB / 46MB
2025-09-20T00:34:41.576Z INFO  - 81114daeece3 Extracting 39MB / 46MB
2025-09-20T00:34:42.430Z INFO  - 81114daeece3 Extracting 40MB / 46MB
2025-09-20T00:34:42.630Z INFO  - 81114daeece3 Extracting 41MB / 46MB
2025-09-20T00:34:43.907Z INFO  - 81114daeece3 Extracting 43MB / 46MB
2025-09-20T00:34:44.799Z INFO  - 81114daeece3 Extracting 44MB / 46MB
2025-09-20T00:34:45.606Z INFO  - 81114daeece3 Extracting 45MB / 46MB
2025-09-20T00:34:46.364Z INFO  - 81114daeece3 Extracting 45MB / 46MB
2025-09-20T00:34:47.039Z INFO  - 81114daeece3 Extracting 46MB / 46MB
2025-09-20T00:34:47.448Z INFO  - 81114daeece3 Pull complete
2025-09-20T00:34:47.591Z INFO  - 72560126db61 Extracting 1MB / 11MB
2025-09-20T00:34:47.826Z INFO  - 72560126db61 Extracting 3MB / 11MB
2025-09-20T00:34:47.954Z INFO  - 72560126db61 Extracting 3MB / 11MB
2025-09-20T00:34:48.162Z INFO  - 72560126db61 Extracting 4MB / 11MB
2025-09-20T00:34:48.535Z INFO  - 72560126db61 Extracting 6MB / 11MB
2025-09-20T00:34:49.012Z INFO  - 72560126db61 Extracting 7MB / 11MB
2025-09-20T00:34:49.515Z INFO  - 72560126db61 Extracting 8MB / 11MB
2025-09-20T00:34:49.926Z INFO  - 72560126db61 Extracting 8MB / 11MB
2025-09-20T00:34:50.256Z INFO  - 72560126db61 Extracting 9MB / 11MB
2025-09-20T00:34:51.582Z INFO  - 72560126db61 Extracting 10MB / 11MB
2025-09-20T00:34:51.866Z INFO  - 72560126db61 Extracting 10MB / 11MB
2025-09-20T00:34:52.418Z INFO  - 72560126db61 Extracting 10MB / 11MB
2025-09-20T00:34:53.291Z INFO  - 72560126db61 Extracting 11MB / 11MB
2025-09-20T00:34:53.575Z INFO  - 72560126db61 Pull complete
2025-09-20T00:34:53.872Z INFO  - b4ee02498c51 Extracting 1MB / 16MB
2025-09-20T00:34:54.010Z INFO  - b4ee02498c51 Extracting 1MB / 16MB
2025-09-20T00:34:54.116Z INFO  - b4ee02498c51 Extracting 2MB / 16MB
2025-09-20T00:34:54.302Z INFO  - b4ee02498c51 Extracting 2MB / 16MB
2025-09-20T00:34:54.422Z INFO  - b4ee02498c51 Extracting 3MB / 16MB
2025-09-20T00:34:54.714Z INFO  - b4ee02498c51 Extracting 3MB / 16MB
2025-09-20T00:34:54.917Z INFO  - b4ee02498c51 Extracting 4MB / 16MB
2025-09-20T00:34:55.371Z INFO  - b4ee02498c51 Extracting 7MB / 16MB
2025-09-20T00:34:55.527Z INFO  - b4ee02498c51 Extracting 8MB / 16MB
2025-09-20T00:34:56.365Z INFO  - b4ee02498c51 Extracting 8MB / 16MB
2025-09-20T00:34:56.625Z INFO  - b4ee02498c51 Extracting 9MB / 16MB
2025-09-20T00:34:56.938Z INFO  - b4ee02498c51 Extracting 9MB / 16MB
2025-09-20T00:34:57.179Z INFO  - b4ee02498c51 Extracting 9MB / 16MB
2025-09-20T00:34:57.668Z INFO  - b4ee02498c51 Extracting 10MB / 16MB
2025-09-20T00:34:57.800Z INFO  - b4ee02498c51 Extracting 10MB / 16MB
2025-09-20T00:34:58.011Z INFO  - b4ee02498c51 Extracting 11MB / 16MB
2025-09-20T00:34:58.513Z INFO  - b4ee02498c51 Extracting 11MB / 16MB
2025-09-20T00:34:58.989Z INFO  - b4ee02498c51 Extracting 11MB / 16MB
2025-09-20T00:34:59.736Z INFO  - b4ee02498c51 Extracting 13MB / 16MB
2025-09-20T00:35:00.300Z INFO  - b4ee02498c51 Extracting 13MB / 16MB
2025-09-20T00:35:01.018Z INFO  - b4ee02498c51 Extracting 14MB / 16MB
2025-09-20T00:35:01.340Z INFO  - b4ee02498c51 Extracting 14MB / 16MB
2025-09-20T00:35:01.494Z INFO  - b4ee02498c51 Extracting 14MB / 16MB
2025-09-20T00:35:03.605Z INFO  - b4ee02498c51 Extracting 15MB / 16MB
2025-09-20T00:35:04.234Z INFO  - b4ee02498c51 Extracting 15MB / 16MB
2025-09-20T00:35:04.457Z INFO  - b4ee02498c51 Extracting 16MB / 16MB
2025-09-20T00:35:04.993Z INFO  - b4ee02498c51 Pull complete
2025-09-20T00:35:04.996Z INFO  - 9f7642f5d897 Extracting 126B / 126B
2025-09-20T00:35:05.011Z INFO  - 9f7642f5d897 Extracting 126B / 126B
2025-09-20T00:35:05.021Z INFO  - 9f7642f5d897 Pull complete
2025-09-20T00:35:05.723Z INFO  - 064a93d404d8 Extracting 5MB / 5MB
2025-09-20T00:35:05.725Z INFO  - 064a93d404d8 Extracting 5MB / 5MB
2025-09-20T00:35:05.741Z INFO  - 064a93d404d8 Pull complete
2025-09-20T00:35:05.751Z INFO  - 9078bcfaabdd Extracting 948B / 948B
2025-09-20T00:35:05.761Z INFO  - 9078bcfaabdd Extracting 948B / 948B
2025-09-20T00:35:05.827Z INFO  - 9078bcfaabdd Pull complete
2025-09-20T00:35:05.830Z INFO  - 8367cb93fd79 Extracting 1KB / 1KB
2025-09-20T00:35:05.848Z INFO  - 8367cb93fd79 Extracting 1KB / 1KB
2025-09-20T00:35:05.865Z INFO  - 8367cb93fd79 Pull complete
2025-09-20T00:35:05.870Z INFO  - 432802c32c40 Extracting 139B / 139B
2025-09-20T00:35:05.884Z INFO  - 432802c32c40 Extracting 139B / 139B
2025-09-20T00:35:05.897Z INFO  - 432802c32c40 Pull complete
2025-09-20T00:35:06.072Z INFO  - b5ee41dce4d1 Extracting 544KB / 67MB
2025-09-20T00:35:06.210Z INFO  - b5ee41dce4d1 Extracting 1MB / 67MB
2025-09-20T00:35:07.005Z INFO  - b5ee41dce4d1 Extracting 4MB / 67MB
2025-09-20T00:35:08.356Z INFO  - b5ee41dce4d1 Extracting 9MB / 67MB
2025-09-20T00:35:08.712Z INFO  - b5ee41dce4d1 Extracting 11MB / 67MB
2025-09-20T00:35:09.290Z INFO  - b5ee41dce4d1 Extracting 12MB / 67MB
2025-09-20T00:35:09.544Z INFO  - b5ee41dce4d1 Extracting 12MB / 67MB
2025-09-20T00:35:10.295Z INFO  - b5ee41dce4d1 Extracting 15MB / 67MB
2025-09-20T00:35:10.295Z INFO  - b5ee41dce4d1 Extracting 16MB / 67MB
2025-09-20T00:35:10.846Z INFO  - b5ee41dce4d1 Extracting 19MB / 67MB
2025-09-20T00:35:10.847Z INFO  - b5ee41dce4d1 Extracting 20MB / 67MB
2025-09-20T00:35:11.610Z INFO  - b5ee41dce4d1 Extracting 24MB / 67MB
2025-09-20T00:35:11.777Z INFO  - b5ee41dce4d1 Extracting 27MB / 67MB
2025-09-20T00:35:12.399Z INFO  - b5ee41dce4d1 Extracting 30MB / 67MB
2025-09-20T00:35:13.118Z INFO  - b5ee41dce4d1 Extracting 36MB / 67MB
2025-09-20T00:35:13.908Z INFO  - b5ee41dce4d1 Extracting 39MB / 67MB
2025-09-20T00:35:13.995Z INFO  - b5ee41dce4d1 Extracting 40MB / 67MB
2025-09-20T00:35:14.503Z INFO  - b5ee41dce4d1 Extracting 41MB / 67MB
2025-09-20T00:35:14.631Z INFO  - b5ee41dce4d1 Extracting 42MB / 67MB
2025-09-20T00:35:14.845Z INFO  - b5ee41dce4d1 Extracting 43MB / 67MB
2025-09-20T00:35:15.227Z INFO  - b5ee41dce4d1 Extracting 44MB / 67MB
2025-09-20T00:35:15.488Z INFO  - b5ee41dce4d1 Extracting 45MB / 67MB
2025-09-20T00:35:16.465Z INFO  - b5ee41dce4d1 Extracting 47MB / 67MB
2025-09-20T00:35:16.971Z INFO  - b5ee41dce4d1 Extracting 50MB / 67MB
2025-09-20T00:35:17.411Z INFO  - b5ee41dce4d1 Extracting 51MB / 67MB
2025-09-20T00:35:19.466Z INFO  - b5ee41dce4d1 Extracting 67MB / 67MB
2025-09-20T00:35:19.696Z INFO  - b5ee41dce4d1 Pull complete
2025-09-20T00:35:19.716Z INFO  - 299358e274fc Extracting 1KB / 1KB
2025-09-20T00:35:19.743Z INFO  - 299358e274fc Extracting 1KB / 1KB
2025-09-20T00:35:19.761Z INFO  - 299358e274fc Pull complete
2025-09-20T00:35:19.766Z INFO  - a0f687a8a43e Extracting 1KB / 1KB
2025-09-20T00:35:19.784Z INFO  - a0f687a8a43e Extracting 1KB / 1KB
2025-09-20T00:35:19.804Z INFO  - a0f687a8a43e Pull complete
2025-09-20T00:35:19.808Z INFO  - f6668cf6fc4f Extracting 3KB / 3KB
2025-09-20T00:35:19.823Z INFO  - f6668cf6fc4f Extracting 3KB / 3KB
2025-09-20T00:35:19.838Z INFO  - f6668cf6fc4f Pull complete
2025-09-20T00:35:19.841Z INFO  - cab9518eb753 Extracting 151B / 151B
2025-09-20T00:35:19.853Z INFO  - cab9518eb753 Extracting 151B / 151B
2025-09-20T00:35:19.862Z INFO  - cab9518eb753 Pull complete
2025-09-20T00:35:19.865Z INFO  - f9717d513d08 Extracting 13KB / 13KB
2025-09-20T00:35:19.885Z INFO  - f9717d513d08 Extracting 13KB / 13KB
2025-09-20T00:35:19.946Z INFO  - f9717d513d08 Pull complete
2025-09-20T00:35:19.951Z INFO  - 81d0cf6a6204 Extracting 1KB / 1KB
2025-09-20T00:35:19.961Z INFO  - 81d0cf6a6204 Extracting 1KB / 1KB
2025-09-20T00:35:19.986Z INFO  - 81d0cf6a6204 Pull complete
2025-09-20T00:35:19.991Z INFO  - e705a3b12771 Extracting 269B / 269B
2025-09-20T00:35:20.003Z INFO  - e705a3b12771 Extracting 269B / 269B
2025-09-20T00:35:20.040Z INFO  - e705a3b12771 Pull complete
2025-09-20T00:35:20.044Z INFO  - cdcdb6bbda74 Extracting 269B / 269B
2025-09-20T00:35:20.053Z INFO  - cdcdb6bbda74 Extracting 269B / 269B
2025-09-20T00:35:20.092Z INFO  - cdcdb6bbda74 Pull complete
2025-09-20T00:35:20.231Z INFO  - 3c56665f14df Extracting 124B / 124B
2025-09-20T00:35:20.240Z INFO  - 3c56665f14df Extracting 124B / 124B
2025-09-20T00:35:20.261Z INFO  - 3c56665f14df Pull complete
2025-09-20T00:35:20.265Z INFO  - 6076b5261919 Extracting 416B / 416B
2025-09-20T00:35:20.276Z INFO  - 6076b5261919 Extracting 416B / 416B
2025-09-20T00:35:20.297Z INFO  - 6076b5261919 Pull complete
2025-09-20T00:35:20.300Z INFO  - cfb2442eec7a Extracting 1KB / 1KB
2025-09-20T00:35:20.334Z INFO  - cfb2442eec7a Extracting 1KB / 1KB
2025-09-20T00:35:20.389Z INFO  - cfb2442eec7a Pull complete
2025-09-20T00:35:20.513Z INFO  - c7bf2b05e76c Extracting 160KB / 1MB
2025-09-20T00:35:20.630Z INFO  - c7bf2b05e76c Extracting 288KB / 1MB
2025-09-20T00:35:20.734Z INFO  - c7bf2b05e76c Extracting 448KB / 1MB
2025-09-20T00:35:20.870Z INFO  - c7bf2b05e76c Extracting 608KB / 1MB
2025-09-20T00:35:21.101Z INFO  - c7bf2b05e76c Extracting 992KB / 1MB
2025-09-20T00:35:21.453Z INFO  - c7bf2b05e76c Extracting 1MB / 1MB
2025-09-20T00:35:21.532Z INFO  - c7bf2b05e76c Pull complete
2025-09-20T00:35:21.538Z INFO  - 9e40ee8f5c7c Extracting 133B / 133B
2025-09-20T00:35:21.550Z INFO  - 9e40ee8f5c7c Extracting 133B / 133B
2025-09-20T00:35:21.563Z INFO  - 9e40ee8f5c7c Pull complete
2025-09-20T00:35:21.601Z INFO  -  Digest: sha256:090c03b4259823f8be151de295b9ef30aeea81cc540a9908f9a57cbe5e893095
2025-09-20T00:35:21.610Z INFO  -  Status: Downloaded newer image for mcr.microsoft.com/appsvc/node:20-lts_20250724.2.tuxprod
2025-09-20T00:35:21.660Z INFO  - Pull Image successful, Time taken: 102 Seconds
2025-09-20T00:35:23.655Z INFO  - Starting container for site
2025-09-20T00:35:23.655Z INFO  - docker run -d --expose=8080 --name iga-historicos_0_b006284f -e WEBSITE_USE_DIAGNOSTIC_SERVER=true -e WEBSITE_SITE_NAME=iga-historicos -e WEBSITE_AUTH_ENABLED=False -e WEBSITE_ROLE_INSTANCE_ID=0 -e WEBSITE_HOSTNAME=iga-historicos-azhhdffne0fqapcn.canadacentral-01.azurewebsites.net -e WEBSITE_INSTANCE_ID=d2b2eba835d0b4206c1fa2565c9e10db4fec2b46d3b533e15c3c1c537e75a0fc appsvc/node:20-lts_20250724.2.tuxprod 
2025-09-20T00:35:23.655Z INFO  - Logging is not enabled for this container.
Please use https://aka.ms/linux-diagnostics to enable logging to see container logs here.
2025-09-20T00:35:29.752Z INFO  - Initiating warmup request to container iga-historicos_0_b006284f for site iga-historicos
2025-09-20T00:35:48.789Z INFO  - Waiting for response to warmup request for container iga-historicos_0_b006284f. Elapsed time = 19.0959341 sec
2025-09-20T00:36:06.446Z INFO  - Waiting for response to warmup request for container iga-historicos_0_b006284f. Elapsed time = 36.7523882 sec
2025-09-20T00:36:23.329Z INFO  - Waiting for response to warmup request for container iga-historicos_0_b006284f. Elapsed time = 53.6357388 sec
2025-09-20T00:36:38.949Z INFO  - Waiting for response to warmup request for container iga-historicos_0_b006284f. Elapsed time = 69.255442 sec
2025-09-20T00:36:54.324Z INFO  - Waiting for response to warmup request for container iga-historicos_0_b006284f. Elapsed time = 84.6302772 sec
2025-09-20T00:37:10.562Z INFO  - Waiting for response to warmup request for container iga-historicos_0_b006284f. Elapsed time = 100.8690344 sec
2025-09-20T00:37:26.636Z INFO  - Waiting for response to warmup request for container iga-historicos_0_b006284f. Elapsed time = 116.9424862 sec
2025-09-20T00:37:43.998Z INFO  - Waiting for response to warmup request for container iga-historicos_0_b006284f. Elapsed time = 134.3046922 sec
2025-09-20T00:37:59.385Z INFO  - Waiting for response to warmup request for container iga-historicos_0_b006284f. Elapsed time = 149.6920598 sec
2025-09-20T00:38:15.829Z INFO  - Waiting for response to warmup request for container iga-historicos_0_b006284f. Elapsed time = 166.136121 sec
2025-09-20T00:38:31.204Z INFO  - Waiting for response to warmup request for container iga-historicos_0_b006284f. Elapsed time = 181.5111462 sec
2025-09-20T00:38:46.559Z INFO  - Waiting for response to warmup request for container iga-historicos_0_b006284f. Elapsed time = 196.8647627 sec
2025-09-20T00:39:01.931Z INFO  - Waiting for response to warmup request for container iga-historicos_0_b006284f. Elapsed time = 212.237963 sec
2025-09-20T00:39:17.751Z INFO  - Waiting for response to warmup request for container iga-historicos_0_b006284f. Elapsed time = 228.057786 sec
2025-09-20T00:39:20.015Z ERROR - Container iga-historicos_0_b006284f for site iga-historicos did not start within expected time limit. Elapsed time = 230.3212198 sec
2025-09-20T00:39:20.113Z ERROR - Container iga-historicos_0_b006284f didn't respond to HTTP pings on port: 8080. Failing site start. See container logs for debugging.
2025-09-20T00:39:20.324Z INFO  - Stopping site iga-historicos because it failed during startup.
2025-09-20T00:44:01.6221900Z Container start method called.
2025-09-20T00:44:01.6317208Z Establishing network.
2025-09-20T00:44:01.6399659Z Pulling image: appsvc/node:20-lts_20250724.2.tuxprod.
2025-09-20T00:44:07.2215486Z Container is starting.
2025-09-20T00:44:07.2223096Z Establishing user namespace if not established already.
2025-09-20T00:44:07.2232867Z Establishing network if not established already.
2025-09-20T00:44:07.2295255Z Mounting volumes.
2025-09-20T00:44:07.2306372Z Nested mountpoint 
2025-09-20T00:44:07.3071344Z Nested mountpoint volatile/logs
2025-09-20T00:44:07.3264383Z Nested mountpoint 
2025-09-20T00:44:07.3385126Z Nested mountpoint 
2025-09-20T00:44:07.3554739Z Nested mountpoint 
2025-09-20T00:44:08.2008104Z Creating container.
2025-09-20T00:44:08.2035794Z Creating pipes for streaming container io.
2025-09-20T00:44:08.2111518Z Creating stdout named pipe at /podr/container/pipe/8dbf3d4131f9_iga-historicos/stdout_60bad3e4a54d474a9c875f802d4de6b1.
2025-09-20T00:44:08.2123043Z Successfully created stdout named pipe at: /podr/container/pipe/8dbf3d4131f9_iga-historicos/stdout_60bad3e4a54d474a9c875f802d4de6b1.
2025-09-20T00:44:08.2132056Z Opening named pipe /podr/container/pipe/8dbf3d4131f9_iga-historicos/stdout_60bad3e4a54d474a9c875f802d4de6b1 for reading in non-blocking mode.
2025-09-20T00:44:08.2134048Z Successfully opened named pipe: /podr/container/pipe/8dbf3d4131f9_iga-historicos/stdout_60bad3e4a54d474a9c875f802d4de6b1.
2025-09-20T00:44:08.2134996Z Successfully removed non-blocking flag from /podr/container/pipe/8dbf3d4131f9_iga-historicos/stdout_60bad3e4a54d474a9c875f802d4de6b1.
2025-09-20T00:44:08.2204105Z Creating stderr named pipe at /podr/container/pipe/8dbf3d4131f9_iga-historicos/stderr_b74d58f4057a4df7aeca36dc8d8312c1.
2025-09-20T00:44:08.2206613Z Successfully created stderr named pipe at: /podr/container/pipe/8dbf3d4131f9_iga-historicos/stderr_b74d58f4057a4df7aeca36dc8d8312c1.
2025-09-20T00:44:08.2207618Z Opening named pipe /podr/container/pipe/8dbf3d4131f9_iga-historicos/stderr_b74d58f4057a4df7aeca36dc8d8312c1 for reading in non-blocking mode.
2025-09-20T00:44:08.2208836Z Successfully opened named pipe: /podr/container/pipe/8dbf3d4131f9_iga-historicos/stderr_b74d58f4057a4df7aeca36dc8d8312c1.
2025-09-20T00:44:08.2215641Z Successfully removed non-blocking flag from /podr/container/pipe/8dbf3d4131f9_iga-historicos/stderr_b74d58f4057a4df7aeca36dc8d8312c1.
2025-09-20T00:44:08.2222640Z Creating container with image: appsvc/node:20-lts_20250724.2.tuxprod from registry: mcr.microsoft.com and fully qualified image name: mcr.microsoft.com/appsvc/node:20-lts_20250724.2.tuxprod
2025-09-20T00:44:08.9047795Z Starting container: 8dbf3d4131f9_iga-historicos.
2025-09-20T00:44:08.9817891Z Starting watchers and probes.
2025-09-20T00:44:08.9823391Z Starting metrics collection.
2025-09-20T00:44:08.9838294Z Container is running.
2025-09-20T00:44:09.2714142Z Container start method finished after 7642 ms.
2025-09-20T00:47:59.4292327Z Site startup probe failed after 230.0380456 seconds.
2025-09-20T00:47:59.5162064Z Failed to start site. Revert by stopping site.
2025-09-20T00:47:59.5402170Z Container is terminating. Grace period: 5 seconds.
2025-09-20T00:47:59.6466390Z Stop and delete container. Retry count = 0
2025-09-20T00:47:59.6497469Z Stopping container: 8dbf3d4131f9_iga-historicos.
2025-09-20T00:48:04.9681202Z Deleting container: 8dbf3d4131f9_iga-historicos. Retry count = 0
2025-09-20T00:48:06.7323922Z Container spec TerminationMessagePolicy  path 
2025-09-20T00:48:06.8500117Z Container is terminated. Total time elapsed: 7262 ms.
2025-09-20T00:48:06.8787115Z Site container: iga-historicos terminated during site startup.
2025-09-20T00:48:06.9411730Z Site: iga-historicos stopped.
2025-09-20T00:48:15.851Z INFO  - Starting container for site
2025-09-20T00:48:15.855Z INFO  - docker run -d --expose=8080 --name iga-historicos_0_f577a2f9 -e WEBSITE_USE_DIAGNOSTIC_SERVER=true -e WEBSITE_SITE_NAME=iga-historicos -e WEBSITE_AUTH_ENABLED=False -e WEBSITE_ROLE_INSTANCE_ID=0 -e WEBSITE_HOSTNAME=iga-historicos-azhhdffne0fqapcn.canadacentral-01.azurewebsites.net -e WEBSITE_INSTANCE_ID=d2b2eba835d0b4206c1fa2565c9e10db4fec2b46d3b533e15c3c1c537e75a0fc appsvc/node:20-lts_20250724.2.tuxprod 
2025-09-20T00:48:15.864Z INFO  - Logging is not enabled for this container.
Please use https://aka.ms/linux-diagnostics to enable logging to see container logs here.
2025-09-20T00:48:19.344Z INFO  - Initiating warmup request to container iga-historicos_0_f577a2f9 for site iga-historicos
2025-09-20T00:48:39.154Z INFO  - Waiting for response to warmup request for container iga-historicos_0_f577a2f9. Elapsed time = 19.8106925 sec
2025-09-20T00:49:00.768Z INFO  - Waiting for response to warmup request for container iga-historicos_0_f577a2f9. Elapsed time = 41.4245874 sec
2025-09-20T00:49:16.181Z INFO  - Waiting for response to warmup request for container iga-historicos_0_f577a2f9. Elapsed time = 56.8342428 sec
2025-09-20T00:49:31.530Z INFO  - Waiting for response to warmup request for container iga-historicos_0_f577a2f9. Elapsed time = 72.1871899 sec
2025-09-20T00:49:46.863Z INFO  - Waiting for response to warmup request for container iga-historicos_0_f577a2f9. Elapsed time = 87.5194045 sec
2025-09-20T00:50:02.450Z INFO  - Waiting for response to warmup request for container iga-historicos_0_f577a2f9. Elapsed time = 103.1072477 sec
2025-09-20T00:50:18.869Z INFO  - Waiting for response to warmup request for container iga-historicos_0_f577a2f9. Elapsed time = 119.5257721 sec
2025-09-20T00:50:36.799Z INFO  - Waiting for response to warmup request for container iga-historicos_0_f577a2f9. Elapsed time = 137.4562279 sec
2025-09-20T00:50:56.945Z INFO  - Waiting for response to warmup request for container iga-historicos_0_f577a2f9. Elapsed time = 157.6018418 sec
2025-09-20T00:51:12.397Z INFO  - Waiting for response to warmup request for container iga-historicos_0_f577a2f9. Elapsed time = 173.0538083 sec
2025-09-20T00:51:27.857Z INFO  - Waiting for response to warmup request for container iga-historicos_0_f577a2f9. Elapsed time = 188.5135009 sec
2025-09-20T00:51:43.228Z INFO  - Waiting for response to warmup request for container iga-historicos_0_f577a2f9. Elapsed time = 203.8837252 sec
2025-09-20T00:51:58.663Z INFO  - Waiting for response to warmup request for container iga-historicos_0_f577a2f9. Elapsed time = 219.319891 sec
2025-09-20T00:52:10.512Z ERROR - Container iga-historicos_0_f577a2f9 for site iga-historicos did not start within expected time limit. Elapsed time = 231.1631849 sec
2025-09-20T00:52:10.667Z ERROR - Container iga-historicos_0_f577a2f9 didn't respond to HTTP pings on port: 8080. Failing site start. See container logs for debugging.
2025-09-20T00:52:11.062Z INFO  - Stopping site iga-historicos because it failed during startup.
2025-09-20T00:52:57.642Z INFO  - Starting container for site
2025-09-20T00:52:57.650Z INFO  - docker run -d --expose=8080 --name iga-historicos_0_97513430 -e WEBSITE_USE_DIAGNOSTIC_SERVER=true -e WEBSITE_SITE_NAME=iga-historicos -e WEBSITE_AUTH_ENABLED=False -e WEBSITE_ROLE_INSTANCE_ID=0 -e WEBSITE_HOSTNAME=iga-historicos-azhhdffne0fqapcn.canadacentral-01.azurewebsites.net -e WEBSITE_INSTANCE_ID=d2b2eba835d0b4206c1fa2565c9e10db4fec2b46d3b533e15c3c1c537e75a0fc appsvc/node:20-lts_20250724.2.tuxprod 
2025-09-20T00:52:57.650Z INFO  - Logging is not enabled for this container.
Please use https://aka.ms/linux-diagnostics to enable logging to see container logs here.
2025-09-20T00:53:23.754Z INFO  - Initiating warmup request to container iga-historicos_0_97513430 for site iga-historicos
2025-09-20T00:53:51.377Z INFO  - Waiting for response to warmup request for container iga-historicos_0_97513430. Elapsed time = 27.6234724 sec
2025-09-20T00:54:10.888Z INFO  - Waiting for response to warmup request for container iga-historicos_0_97513430. Elapsed time = 47.1342272 sec
2025-09-20T00:54:29.449Z INFO  - Waiting for response to warmup request for container iga-historicos_0_97513430. Elapsed time = 65.6952849 sec
2025-09-20T00:54:47.679Z INFO  - Waiting for response to warmup request for container iga-historicos_0_97513430. Elapsed time = 83.9250588 sec
2025-09-20T00:55:06.231Z INFO  - Waiting for response to warmup request for container iga-historicos_0_97513430. Elapsed time = 102.4771195 sec
2025-09-20T00:55:25.633Z INFO  - Waiting for response to warmup request for container iga-historicos_0_97513430. Elapsed time = 121.8620726 sec
2025-09-20T00:55:43.231Z INFO  - Waiting for response to warmup request for container iga-historicos_0_97513430. Elapsed time = 139.4767332 sec
2025-09-20T00:56:02.417Z INFO  - Waiting for response to warmup request for container iga-historicos_0_97513430. Elapsed time = 158.6632673 sec
2025-09-20T00:56:22.294Z INFO  - Waiting for response to warmup request for container iga-historicos_0_97513430. Elapsed time = 178.5401029 sec
2025-09-20T00:56:39.792Z INFO  - Waiting for response to warmup request for container iga-historicos_0_97513430. Elapsed time = 196.0117379 sec
2025-09-20T00:56:57.280Z INFO  - Waiting for response to warmup request for container iga-historicos_0_97513430. Elapsed time = 213.5260174 sec
2025-09-20T00:57:14.991Z ERROR - Container iga-historicos_0_97513430 for site iga-historicos did not start within expected time limit. Elapsed time = 231.2365735 sec
2025-09-20T00:57:15.059Z ERROR - Container iga-historicos_0_97513430 didn't respond to HTTP pings on port: 8080. Failing site start. See container logs for debugging.
2025-09-20T00:57:15.460Z INFO  - Stopping site iga-historicos because it failed during startup.
2025-09-20T00:58:37.043Z INFO  - Starting container for site
2025-09-20T00:58:37.050Z INFO  - docker run -d --expose=8080 --name iga-historicos_0_76dfb794 -e WEBSITE_USE_DIAGNOSTIC_SERVER=true -e WEBSITE_SITE_NAME=iga-historicos -e WEBSITE_AUTH_ENABLED=False -e WEBSITE_ROLE_INSTANCE_ID=0 -e WEBSITE_HOSTNAME=iga-historicos-azhhdffne0fqapcn.canadacentral-01.azurewebsites.net -e WEBSITE_INSTANCE_ID=d2b2eba835d0b4206c1fa2565c9e10db4fec2b46d3b533e15c3c1c537e75a0fc appsvc/node:20-lts_20250724.2.tuxprod 
2025-09-20T00:58:37.050Z INFO  - Logging is not enabled for this container.
Please use https://aka.ms/linux-diagnostics to enable logging to see container logs here.
2025-09-20T00:58:40.433Z INFO  - Initiating warmup request to container iga-historicos_0_76dfb794 for site iga-historicos
2025-09-20T00:58:59.116Z INFO  - Waiting for response to warmup request for container iga-historicos_0_76dfb794. Elapsed time = 18.6833418 sec
2025-09-20T00:59:20.316Z INFO  - Waiting for response to warmup request for container iga-historicos_0_76dfb794. Elapsed time = 39.8837324 sec
2025-09-20T00:59:36.685Z INFO  - Waiting for response to warmup request for container iga-historicos_0_76dfb794. Elapsed time = 56.2519193 sec
2025-09-20T00:59:55.230Z INFO  - Waiting for response to warmup request for container iga-historicos_0_76dfb794. Elapsed time = 74.7971678 sec
2025-09-20T01:00:11.004Z INFO  - Waiting for response to warmup request for container iga-historicos_0_76dfb794. Elapsed time = 90.5710631 sec
2025-09-20T01:00:26.659Z INFO  - Waiting for response to warmup request for container iga-historicos_0_76dfb794. Elapsed time = 106.2264292 sec
2025-09-20T01:00:42.231Z INFO  - Waiting for response to warmup request for container iga-historicos_0_76dfb794. Elapsed time = 121.7981143 sec
2025-09-20T01:00:57.590Z INFO  - Waiting for response to warmup request for container iga-historicos_0_76dfb794. Elapsed time = 137.1570133 sec
2025-09-20T01:01:12.998Z INFO  - Waiting for response to warmup request for container iga-historicos_0_76dfb794. Elapsed time = 152.5652148 sec
2025-09-20T01:01:28.443Z INFO  - Waiting for response to warmup request for container iga-historicos_0_76dfb794. Elapsed time = 168.0104491 sec
2025-09-20T01:01:43.828Z INFO  - Waiting for response to warmup request for container iga-historicos_0_76dfb794. Elapsed time = 183.3953674 sec
2025-09-20T01:01:59.389Z INFO  - Waiting for response to warmup request for container iga-historicos_0_76dfb794. Elapsed time = 198.9559963 sec
2025-09-20T01:02:15.378Z INFO  - Waiting for response to warmup request for container iga-historicos_0_76dfb794. Elapsed time = 214.9456614 sec
2025-09-20T01:02:31.162Z ERROR - Container iga-historicos_0_76dfb794 for site iga-historicos did not start within expected time limit. Elapsed time = 230.7285701 sec
2025-09-20T01:02:31.258Z ERROR - Container iga-historicos_0_76dfb794 didn't respond to HTTP pings on port: 8080. Failing site start. See container logs for debugging.
2025-09-20T01:02:31.478Z INFO  - Stopping site iga-historicos because it failed during startup.
2025-09-20T01:06:29.782Z INFO  - Starting container for site
2025-09-20T01:06:29.789Z INFO  - docker run -d --expose=8080 --name iga-historicos_0_9645c581 -e WEBSITE_USE_DIAGNOSTIC_SERVER=true -e WEBSITE_SITE_NAME=iga-historicos -e WEBSITE_AUTH_ENABLED=False -e WEBSITE_ROLE_INSTANCE_ID=0 -e WEBSITE_HOSTNAME=iga-historicos-azhhdffne0fqapcn.canadacentral-01.azurewebsites.net -e WEBSITE_INSTANCE_ID=d2b2eba835d0b4206c1fa2565c9e10db4fec2b46d3b533e15c3c1c537e75a0fc appsvc/node:20-lts_20250724.2.tuxprod 
2025-09-20T01:06:29.789Z INFO  - Logging is not enabled for this container.
Please use https://aka.ms/linux-diagnostics to enable logging to see container logs here.
2025-09-20T01:06:33.167Z INFO  - Initiating warmup request to container iga-historicos_0_9645c581 for site iga-historicos
2025-09-20T01:06:50.743Z INFO  - Waiting for response to warmup request for container iga-historicos_0_9645c581. Elapsed time = 17.5827785 sec
2025-09-20T01:07:08.829Z INFO  - Waiting for response to warmup request for container iga-historicos_0_9645c581. Elapsed time = 35.6506778 sec
2025-09-20T01:07:25.588Z INFO  - Waiting for response to warmup request for container iga-historicos_0_9645c581. Elapsed time = 52.42695 sec
2025-09-20T01:07:41.951Z INFO  - Waiting for response to warmup request for container iga-historicos_0_9645c581. Elapsed time = 68.7901873 sec
2025-09-20T01:07:57.669Z INFO  - Waiting for response to warmup request for container iga-historicos_0_9645c581. Elapsed time = 84.508329 sec
2025-09-20T01:08:13.285Z INFO  - Waiting for response to warmup request for container iga-historicos_0_9645c581. Elapsed time = 100.1239885 sec
2025-09-20T01:08:28.624Z INFO  - Waiting for response to warmup request for container iga-historicos_0_9645c581. Elapsed time = 115.4636936 sec
2025-09-20T01:08:44.037Z INFO  - Waiting for response to warmup request for container iga-historicos_0_9645c581. Elapsed time = 130.8763018 sec
2025-09-20T01:08:59.396Z INFO  - Waiting for response to warmup request for container iga-historicos_0_9645c581. Elapsed time = 146.2351969 sec
2025-09-20T01:09:15.144Z INFO  - Waiting for response to warmup request for container iga-historicos_0_9645c581. Elapsed time = 161.9830807 sec
2025-09-20T01:09:30.514Z INFO  - Waiting for response to warmup request for container iga-historicos_0_9645c581. Elapsed time = 177.3538394 sec
2025-09-20T01:09:46.143Z INFO  - Waiting for response to warmup request for container iga-historicos_0_9645c581. Elapsed time = 192.9825263 sec
2025-09-20T01:10:02.408Z INFO  - Waiting for response to warmup request for container iga-historicos_0_9645c581. Elapsed time = 209.2477053 sec
2025-09-20T01:10:18.909Z INFO  - Waiting for response to warmup request for container iga-historicos_0_9645c581. Elapsed time = 225.748532 sec
2025-09-20T01:10:24.213Z ERROR - Container iga-historicos_0_9645c581 for site iga-historicos did not start within expected time limit. Elapsed time = 231.0524868 sec
2025-09-20T01:10:24.262Z ERROR - Container iga-historicos_0_9645c581 didn't respond to HTTP pings on port: 8080. Failing site start. See container logs for debugging.
2025-09-20T01:10:24.344Z INFO  - Stopping site iga-historicos because it failed during startup.
2025-09-20T01:25:56.829Z INFO  - Starting container for site
2025-09-20T01:25:56.831Z INFO  - docker run -d --expose=8080 --name iga-historicos_0_d51f64e7 -e WEBSITE_USE_DIAGNOSTIC_SERVER=true -e WEBSITE_SITE_NAME=iga-historicos -e WEBSITE_AUTH_ENABLED=False -e WEBSITE_ROLE_INSTANCE_ID=0 -e WEBSITE_HOSTNAME=iga-historicos-azhhdffne0fqapcn.canadacentral-01.azurewebsites.net -e WEBSITE_INSTANCE_ID=d2b2eba835d0b4206c1fa2565c9e10db4fec2b46d3b533e15c3c1c537e75a0fc appsvc/node:20-lts_20250724.2.tuxprod 
2025-09-20T01:25:56.831Z INFO  - Logging is not enabled for this container.
Please use https://aka.ms/linux-diagnostics to enable logging to see container logs here.
2025-09-20T01:26:00.885Z INFO  - Initiating warmup request to container iga-historicos_0_d51f64e7 for site iga-historicos
2025-09-20T01:26:19.492Z INFO  - Waiting for response to warmup request for container iga-historicos_0_d51f64e7. Elapsed time = 18.6075358 sec
2025-09-20T01:26:36.945Z INFO  - Waiting for response to warmup request for container iga-historicos_0_d51f64e7. Elapsed time = 36.0597617 sec
2025-09-20T01:26:53.131Z INFO  - Waiting for response to warmup request for container iga-historicos_0_d51f64e7. Elapsed time = 52.2457891 sec
2025-09-20T01:27:08.617Z INFO  - Waiting for response to warmup request for container iga-historicos_0_d51f64e7. Elapsed time = 67.7319428 sec
2025-09-20T01:27:24.560Z INFO  - Waiting for response to warmup request for container iga-historicos_0_d51f64e7. Elapsed time = 83.6754056 sec
2025-09-20T01:27:40.107Z INFO  - Waiting for response to warmup request for container iga-historicos_0_d51f64e7. Elapsed time = 99.2217551 sec
2025-09-20T01:27:56.820Z INFO  - Waiting for response to warmup request for container iga-historicos_0_d51f64e7. Elapsed time = 115.9349288 sec
2025-09-20T01:28:12.491Z INFO  - Waiting for response to warmup request for container iga-historicos_0_d51f64e7. Elapsed time = 131.6061729 sec
2025-09-20T01:28:27.930Z INFO  - Waiting for response to warmup request for container iga-historicos_0_d51f64e7. Elapsed time = 147.0451328 sec
2025-09-20T01:28:44.625Z INFO  - Waiting for response to warmup request for container iga-historicos_0_d51f64e7. Elapsed time = 163.7399008 sec
2025-09-20T01:29:01.673Z INFO  - Waiting for response to warmup request for container iga-historicos_0_d51f64e7. Elapsed time = 180.7882547 sec
2025-09-20T01:29:17.184Z INFO  - Waiting for response to warmup request for container iga-historicos_0_d51f64e7. Elapsed time = 196.2989698 sec
2025-09-20T01:29:32.553Z INFO  - Waiting for response to warmup request for container iga-historicos_0_d51f64e7. Elapsed time = 211.6678414 sec
2025-09-20T01:29:49.401Z INFO  - Waiting for response to warmup request for container iga-historicos_0_d51f64e7. Elapsed time = 228.5156992 sec
2025-09-20T01:29:51.657Z ERROR - Container iga-historicos_0_d51f64e7 for site iga-historicos did not start within expected time limit. Elapsed time = 230.77181 sec
2025-09-20T01:29:51.708Z ERROR - Container iga-historicos_0_d51f64e7 didn't respond to HTTP pings on port: 8080. Failing site start. See container logs for debugging.
2025-09-20T01:29:51.858Z INFO  - Stopping site iga-historicos because it failed during startup.
2025-09-20T01:34:13.793Z INFO  - Starting container for site
2025-09-20T01:34:13.794Z INFO  - docker run -d --expose=8080 --name iga-historicos_0_e3f1d734 -e WEBSITE_USE_DIAGNOSTIC_SERVER=true -e WEBSITE_SITE_NAME=iga-historicos -e WEBSITE_AUTH_ENABLED=False -e WEBSITE_ROLE_INSTANCE_ID=0 -e WEBSITE_HOSTNAME=iga-historicos-azhhdffne0fqapcn.canadacentral-01.azurewebsites.net -e WEBSITE_INSTANCE_ID=d2b2eba835d0b4206c1fa2565c9e10db4fec2b46d3b533e15c3c1c537e75a0fc appsvc/node:20-lts_20250724.2.tuxprod 
2025-09-20T01:34:13.795Z INFO  - Logging is not enabled for this container.
Please use https://aka.ms/linux-diagnostics to enable logging to see container logs here.
2025-09-20T01:34:21.131Z INFO  - Initiating warmup request to container iga-historicos_0_e3f1d734 for site iga-historicos
2025-09-20T01:34:39.798Z INFO  - Waiting for response to warmup request for container iga-historicos_0_e3f1d734. Elapsed time = 18.6679505 sec
2025-09-20T01:34:59.860Z INFO  - Waiting for response to warmup request for container iga-historicos_0_e3f1d734. Elapsed time = 38.7290224 sec
2025-09-20T01:35:16.760Z INFO  - Waiting for response to warmup request for container iga-historicos_0_e3f1d734. Elapsed time = 55.6297592 sec
2025-09-20T01:35:32.555Z INFO  - Waiting for response to warmup request for container iga-historicos_0_e3f1d734. Elapsed time = 71.4242668 sec
2025-09-20T01:35:47.946Z INFO  - Waiting for response to warmup request for container iga-historicos_0_e3f1d734. Elapsed time = 86.8152624 sec
2025-09-20T01:36:03.440Z INFO  - Waiting for response to warmup request for container iga-historicos_0_e3f1d734. Elapsed time = 102.3098015 sec
2025-09-20T01:36:18.836Z INFO  - Waiting for response to warmup request for container iga-historicos_0_e3f1d734. Elapsed time = 117.7058708 sec
2025-09-20T01:36:34.255Z INFO  - Waiting for response to warmup request for container iga-historicos_0_e3f1d734. Elapsed time = 133.1245248 sec
